Start testing: Jan 19 11:43 CET
----------------------------------------------------------
1/1 Testing: AllTestsAllocator
1/1 Test: AllTestsAllocator
Command: "/user/1/.base/arnaalex/home/ensimag-allocateur/build/alloctest"
Directory: /user/1/.base/arnaalex/home/ensimag-allocateur/build
"AllTestsAllocator" start time: Jan 19 11:43 CET
Output:
----------------------------------------------------------
[==========] Running 13 tests from 3 test cases.
[----------] Global test environment set-up.
[----------] 3 tests from Init
[ RUN      ] Init.noinit
[       OK ] Init.noinit (0 ms)
[ RUN      ] Init.initdestroy
[       OK ] Init.initdestroy (0 ms)
[ RUN      ] Init.oneallocloop
/user/1/.base/arnaalex/home/ensimag-allocateur/tests/test_generic.cc:30: Failure
Expected: (m1) != ((void *)0), actual: (null) vs (null)
[  FAILED  ] Init.oneallocloop (0 ms)
[----------] 3 tests from Init (0 ms total)

[----------] 7 tests from BaseMemTest
[ RUN      ] BaseMemTest.allocnone
[       OK ] BaseMemTest.allocnone (0 ms)
[ RUN      ] BaseMemTest.allocall
/user/1/.base/arnaalex/home/ensimag-allocateur/tests/test_generic.cc:54: Failure
Expected: (m1) != ((void *)0), actual: (null) vs (null)
[  FAILED  ] BaseMemTest.allocall (0 ms)
[ RUN      ] BaseMemTest.boundaries
/user/1/.base/arnaalex/home/ensimag-allocateur/tests/test_generic.cc:67: Failure
Expected: (m1) != ((void *)0), actual: (null) vs (null)
[  FAILED  ] BaseMemTest.boundaries (0 ms)
[ RUN      ] BaseMemTest.intervals
/user/1/.base/arnaalex/home/ensimag-allocateur/tests/test_generic.cc:79: Failure
Expected: (mref) != ((void *)0), actual: (null) vs (null)
[  FAILED  ] BaseMemTest.intervals (0 ms)
[ RUN      ] BaseMemTest.bouclefreepairimpair
/user/1/.base/arnaalex/home/ensimag-allocateur/tests/test_generic.cc:109: Failure
Expected: (tab[i]) != ((void *)0), actual: (null) vs (null)
[  FAILED  ] BaseMemTest.bouclefreepairimpair (0 ms)
[ RUN      ] BaseMemTest.petitetaille
/user/1/.base/arnaalex/home/ensimag-allocateur/tests/test_generic.cc:147: Failure
Expected: (m1) != ((void *)0), actual: (null) vs (null)
[  FAILED  ] BaseMemTest.petitetaille (1 ms)
[ RUN      ] BaseMemTest.aleatoire
/user/1/.base/arnaalex/home/ensimag-allocateur/tests/test_generic.cc:171: Failure
Expected: (mref) != ((void *)0), actual: (null) vs (null)
[  FAILED  ] BaseMemTest.aleatoire (0 ms)
[----------] 7 tests from BaseMemTest (1 ms total)

[----------] 3 tests from Variantes
[ RUN      ] Variantes.buddy
/user/1/.base/arnaalex/home/ensimag-allocateur/tests/test_buddy.cc:24: Failure
Expected: (mref) != ((void*) 0), actual: (null) vs (null)
[  FAILED  ] Variantes.buddy (0 ms)
[ RUN      ] Variantes.cff
[       OK ] Variantes.cff (0 ms)
[ RUN      ] Variantes.bf
[       OK ] Variantes.bf (0 ms)
[----------] 3 tests from Variantes (0 ms total)

[----------] Global test environment tear-down
[==========] 13 tests from 3 test cases ran. (1 ms total)
[  PASSED  ] 5 tests.
[  FAILED  ] 8 tests, listed below:
[  FAILED  ] Init.oneallocloop
[  FAILED  ] BaseMemTest.allocall
[  FAILED  ] BaseMemTest.boundaries
[  FAILED  ] BaseMemTest.intervals
[  FAILED  ] BaseMemTest.bouclefreepairimpair
[  FAILED  ] BaseMemTest.petitetaille
[  FAILED  ] BaseMemTest.aleatoire
[  FAILED  ] Variantes.buddy

 8 FAILED TESTS
<end of output>
Test time =   0.02 sec
----------------------------------------------------------
Test Failed.
"AllTestsAllocator" end time: Jan 19 11:43 CET
"AllTestsAllocator" time elapsed: 00:00:00
----------------------------------------------------------

End testing: Jan 19 11:43 CET
