Start testing: Feb 01 12:55 CET
----------------------------------------------------------
1/1 Testing: AllTestsAllocator
1/1 Test: AllTestsAllocator
Command: "/user/4/brazousd/AllocateurMemoire/build/alloctest"
Directory: /user/4/brazousd/AllocateurMemoire/build
"AllTestsAllocator" start time: Feb 01 12:55 CET
Output:
----------------------------------------------------------
[==========] Running 13 tests from 3 test cases.
[----------] Global test environment set-up.
[----------] 3 tests from Init
[ RUN      ] Init.noinit
[       OK ] Init.noinit (0 ms)
[ RUN      ] Init.initdestroy
[       OK ] Init.initdestroy (0 ms)
[ RUN      ] Init.oneallocloop
[       OK ] Init.oneallocloop (0 ms)
[----------] 3 tests from Init (0 ms total)

[----------] 7 tests from BaseMemTest
[ RUN      ] BaseMemTest.allocnone
[       OK ] BaseMemTest.allocnone (0 ms)
[ RUN      ] BaseMemTest.allocall
[       OK ] BaseMemTest.allocall (1 ms)
[ RUN      ] BaseMemTest.boundaries
<end of output>
Test time =   0.01 sec
----------------------------------------------------------
Test Failed.
"AllTestsAllocator" end time: Feb 01 12:55 CET
"AllTestsAllocator" time elapsed: 00:00:00
----------------------------------------------------------

End testing: Feb 01 12:55 CET
