Start testing: Jan 30 12:31 CET
----------------------------------------------------------
1/1 Testing: AllTestsAllocator
1/1 Test: AllTestsAllocator
Command: "/user/4/.base/brazousd/home/AllocateurMemoire/build/alloctest"
Directory: /user/4/.base/brazousd/home/AllocateurMemoire/build
"AllTestsAllocator" start time: Jan 30 12:31 CET
Output:
----------------------------------------------------------
[==========] Running 13 tests from 3 test cases.
[----------] Global test environment set-up.
[----------] 3 tests from Init
[ RUN      ] Init.noinit
[       OK ] Init.noinit (0 ms)
[ RUN      ] Init.initdestroy
[       OK ] Init.initdestroy (0 ms)
[ RUN      ] Init.oneallocloop
<end of output>
Test time =   0.01 sec
----------------------------------------------------------
Test Failed.
"AllTestsAllocator" end time: Jan 30 12:31 CET
"AllTestsAllocator" time elapsed: 00:00:00
----------------------------------------------------------

End testing: Jan 30 12:31 CET
