Start testing: Jan 30 18:20 CET
----------------------------------------------------------
1/1 Testing: AllTestsAllocator
1/1 Test: AllTestsAllocator
Command: "/user/4/.base/brazousd/home/AllocateurMemoire/build/alloctest"
Directory: /user/4/.base/brazousd/home/AllocateurMemoire/build
"AllTestsAllocator" start time: Jan 30 18:20 CET
Output:
----------------------------------------------------------
[==========] Running 13 tests from 3 test cases.
[----------] Global test environment set-up.
[----------] 3 tests from Init
[ RUN      ] Init.noinit
[       OK ] Init.noinit (0 ms)
[ RUN      ] Init.initdestroy
[       OK ] Init.initdestroy (0 ms)
[ RUN      ] Init.oneallocloop
524288
262144
131072
65536
32768
16384
8192
4096
2048
1024
512
256
128
64
524288
262144
131072
65536
32768
16384
8192
4096
2048
1024
512
256
128
64
524288
262144
131072
65536
32768
16384
8192
4096
2048
1024
512
256
128
64
524288
262144
131072
65536
32768
16384
8192
4096
2048
1024
512
256
128
64
524288
262144
131072
65536
32768
16384
8192
4096
2048
1024
512
256
128
64
524288
262144
131072
65536
32768
16384
8192
4096
2048
1024
512
256
128
64
524288
262144
131072
65536
32768
16384
8192
4096
2048
1024
512
256
128
64
524288
262144
131072
65536
32768
16384
8192
4096
2048
1024
512
256
128
64
524288
262144
131072
65536
32768
16384
8192
4096
2048
1024
512
256
128
64
524288
262144
131072
65536
32768
16384
8192
4096
2048
1024
512
256
128
64
524288
262144
131072
65536
32768
16384
8192
4096
2048
1024
512
256
128
64
524288
262144
131072
65536
32768
16384
8192
4096
2048
1024
512
256
128
64
524288
262144
131072
65536
32768
16384
8192
4096
2048
1024
512
256
128
64
524288
262144
131072
65536
32768
16384
8192
4096
2048
1024
512
256
128
64
524288
262144
131072
65536
32768
16384
8192
4096
2048
1024
512
256
128
64
524288
262144
131072
65536
32768
16384
8192
4096
2048
1024
512
256
128
64
524288
262144
131072
65536
32768
16384
8192
4096
2048
1024
512
256
128
64
524288
262144
131072
65536
32768
16384
8192
4096
2048
1024
512
256
128
64
524288
262144
131072
65536
32768
16384
8192
4096
2048
1024
512
256
128
64
524288
262144
131072
65536
32768
16384
8192
4096
2048
1024
512
256
128
64
524288
262144
131072
65536
32768
16384
8192
4096
2048
1024
512
256
128
64
524288
262144
131072
65536
32768
16384
8192
4096
2048
1024
512
256
128
64
524288
262144
131072
65536
32768
16384
8192
4096
2048
1024
512
256
128
64
524288
262144
131072
65536
32768
16384
8192
4096
2048
1024
512
256
128
64
524288
262144
131072
65536
32768
16384
8192
4096
2048
1024
512
256
128
64
524288
262144
131072
65536
32768
16384
8192
4096
2048
1024
512
256
128
64
524288
262144
131072
65536
32768
16384
8192
4096
2048
1024
512
256
128
64
524288
262144
131072
65536
32768
16384
8192
4096
2048
1024
512
256
128
64
524288
262144
131072
65536
32768
16384
8192
4096
2048
1024
512
256
128
64
524288
262144
131072
65536
32768
16384
8192
4096
2048
1024
512
256
128
64
524288
262144
131072
65536
32768
16384
8192
4096
2048
1024
512
256
128
64
524288
262144
131072
65536
32768
16384
8192
4096
2048
1024
512
256
128
64
524288
262144
131072
65536
32768
16384
8192
4096
2048
1024
512
256
128
64
524288
262144
131072
65536
32768
16384
8192
4096
2048
1024
512
256
128
64
524288
262144
131072
65536
32768
16384
8192
4096
2048
1024
512
256
128
64
524288
262144
131072
65536
32768
16384
8192
4096
2048
1024
512
256
128
64
524288
262144
131072
65536
32768
16384
8192
4096
2048
1024
512
256
128
64
524288
262144
131072
65536
32768
16384
8192
4096
2048
1024
512
256
128
64
524288
262144
131072
65536
32768
16384
8192
4096
2048
1024
512
256
128
64
524288
262144
131072
65536
32768
16384
8192
4096
2048
1024
512
256
128
64
524288
262144
131072
65536
32768
16384
8192
4096
2048
1024
512
256
128
64
524288
262144
131072
65536
32768
16384
8192
4096
2048
1024
512
256
128
64
524288
262144
131072
65536
32768
16384
8192
4096
2048
1024
512
256
128
64
524288
262144
131072
65536
32768
16384
8192
4096
2048
1024
512
256
128
64
524288
262144
131072
65536
32768
16384
8192
4096
2048
1024
512
256
128
64
524288
262144
131072
65536
32768
16384
8192
4096
2048
1024
512
256
128
64
524288
262144
131072
65536
32768
16384
8192
4096
2048
1024
512
256
128
64
524288
262144
131072
65536
32768
16384
8192
4096
2048
1024
512
256
128
64
524288
262144
131072
65536
32768
16384
8192
4096
2048
1024
512
256
128
64
524288
262144
131072
65536
32768
16384
8192
4096
2048
1024
512
256
128
64
524288
262144
131072
65536
32768
16384
8192
4096
2048
1024
512
256
128
64
524288
262144
131072
65536
32768
16384
8192
4096
2048
1024
512
256
128
64
524288
262144
131072
65536
32768
16384
8192
4096
2048
1024
512
256
128
64
524288
262144
131072
65536
32768
16384
8192
4096
2048
1024
512
256
128
64
524288
262144
131072
65536
32768
16384
8192
4096
2048
1024
512
256
128
64
524288
262144
131072
65536
32768
16384
8192
4096
2048
1024
512
256
128
64
524288
262144
131072
65536
32768
16384
8192
4096
2048
1024
512
256
128
64
524288
262144
131072
65536
32768
16384
8192
4096
2048
1024
512
256
128
64
524288
262144
131072
65536
32768
16384
8192
4096
2048
1024
512
256
128
64
524288
262144
131072
65536
32768
16384
8192
4096
2048
1024
512
256
128
64
524288
262144
131072
65536
32768
16384
8192
4096
2048
1024
512
256
128
64
524288
262144
131072
65536
32768
16384
8192
4096
2048
1024
512
256
128
64
524288
262144
131072
65536
32768
16384
8192
4096
2048
1024
512
256
128
64
524288
262144
131072
65536
32768
16384
8192
4096
2048
1024
512
256
128
64
524288
262144
131072
65536
32768
16384
8192
4096
2048
1024
512
256
128
64
524288
262144
131072
65536
32768
16384
8192
4096
2048
1024
512
256
128
64
524288
262144
131072
65536
32768
16384
8192
4096
2048
1024
512
256
128
64
524288
262144
131072
65536
32768
16384
8192
4096
2048
1024
512
256
128
64
524288
262144
131072
65536
32768
16384
8192
4096
2048
1024
512
256
128
64
524288
262144
131072
65536
32768
16384
8192
4096
2048
1024
512
256
128
64
524288
262144
131072
65536
32768
16384
8192
4096
2048
1024
512
256
128
64
524288
262144
131072
65536
32768
16384
8192
4096
2048
1024
512
256
128
64
524288
262144
131072
65536
32768
16384
8192
4096
2048
1024
512
256
128
64
524288
262144
131072
65536
32768
16384
8192
4096
2048
1024
512
256
128
64
524288
262144
131072
65536
32768
16384
8192
4096
2048
1024
512
256
128
64
524288
262144
131072
65536
32768
16384
8192
4096
2048
1024
512
256
128
64
524288
262144
131072
65536
32768
16384
8192
4096
2048
1024
512
256
128
64
524288
262144
131072
65536
32768
16384
8192
4096
2048
1024
512
256
128
64
524288
262144
131072
65536
32768
16384
8192
4096
2048
1024
512
256
128
64
524288
262144
131072
65536
32768
16384
8192
4096
2048
1024
512
256
128
64
524288
262144
131072
65536
32768
16384
8192
4096
2048
1024
512
256
128
64
524288
262144
131072
65536
32768
16384
8192
4096
2048
1024
512
256
128
64
524288
262144
131072
65536
32768
16384
8192
4096
2048
1024
512
256
128
64
524288
262144
131072
65536
32768
16384
8192
4096
2048
1024
512
256
128
64
524288
262144
131072
65536
32768
16384
8192
4096
2048
1024
512
256
128
64
524288
262144
131072
65536
32768
16384
8192
4096
2048
1024
512
256
128
64
524288
262144
131072
65536
32768
16384
8192
4096
2048
1024
512
256
128
64
524288
262144
131072
65536
32768
16384
8192
4096
2048
1024
512
256
128
64
524288
262144
131072
65536
32768
16384
8192
4096
2048
1024
512
256
128
64
524288
262144
131072
65536
32768
16384
8192
4096
2048
1024
512
256
128
64
524288
262144
131072
65536
32768
16384
8192
4096
2048
1024
512
256
128
64
524288
262144
131072
65536
32768
16384
8192
4096
2048
1024
512
256
128
64
524288
262144
131072
65536
32768
16384
8192
4096
2048
1024
512
256
128
64
524288
262144
131072
65536
32768
16384
8192
4096
2048
1024
512
256
128
64
524288
262144
131072
65536
32768
16384
8192
4096
2048
1024
512
256
128
64
524288
262144
131072
65536
32768
16384
8192
4096
2048
1024
512
256
128
64
524288
262144
131072
65536
32768
16384
8192
4096
2048
1024
512
256
128
64
524288
262144
131072
65536
32768
16384
8192
4096
2048
1024
512
256
128
64
524288
262144
131072
65536
32768
16384
8192
4096
2048
1024
512
256
128
64
524288
262144
131072
65536
32768
16384
8192
4096
2048
1024
512
256
128
64
[       OK ] Init.oneallocloop (1 ms)
[----------] 3 tests from Init (1 ms total)

[----------] 7 tests from BaseMemTest
[ RUN      ] BaseMemTest.allocnone
[       OK ] BaseMemTest.allocnone (0 ms)
[ RUN      ] BaseMemTest.allocall
/user/4/.base/brazousd/home/AllocateurMemoire/tests/test_generic.cc:60: Failure
Value of: m3
  Actual: (null)
Expected: m1
Which is: 0x814430
[  FAILED  ] BaseMemTest.allocall (0 ms)
[ RUN      ] BaseMemTest.boundaries
/user/4/.base/brazousd/home/AllocateurMemoire/tests/test_generic.cc:70: Failure
Expected: (mem_free( (void *)-1, ((unsigned int) 1<< 20))) != (0), actual: 0 vs 0
[  FAILED  ] BaseMemTest.boundaries (0 ms)
[ RUN      ] BaseMemTest.intervals
/user/4/.base/brazousd/home/AllocateurMemoire/tests/test_generic.cc:84: Failure
Expected: (m1) != ((void *)0), actual: (null) vs (null)
[  FAILED  ] BaseMemTest.intervals (1 ms)
[ RUN      ] BaseMemTest.bouclefreepairimpair
524288
262144
131072
65536
32768
16384
8192
4096
2048
1024
512
256
128
64
64
128
64
64
256
128
64
64
128
64
64
512
256
128
64
64
128
64
64
256
128
64
64
128
64
64
1024
512
256
128
64
64
128
64
64
256
128
64
64
128
64
64
512
256
128
64
64
128
64
64
256
128
64
64
128
64
64
2048
1024
512
256
128
64
64
128
64
64
256
128
64
64
128
64
64
512
256
128
64
64
128
64
64
256
128
64
64
128
64
64
1024
512
256
128
64
64
/user/4/.base/brazousd/home/AllocateurMemoire/tests/test_generic.cc:122: Failure
Expected: (m1) != ((void *)0), actual: (null) vs (null)
[  FAILED  ] BaseMemTest.bouclefreepairimpair (0 ms)
[ RUN      ] BaseMemTest.petitetaille
<end of output>
Test time =   0.01 sec
----------------------------------------------------------
Test Failed.
"AllTestsAllocator" end time: Jan 30 18:20 CET
"AllTestsAllocator" time elapsed: 00:00:00
----------------------------------------------------------

End testing: Jan 30 18:20 CET
